<?xml version="1.0" encoding="UTF-8"?>
<testsuite xmlns:xsi="http://www.w3.org/2001/XMLSchema-instance" xsi:noNamespaceSchemaLocation="https://maven.apache.org/surefire/maven-surefire-plugin/xsd/surefire-test-report.xsd" name="com.revature.AppTest" time="0.047" tests="1" errors="0" skipped="0" failures="0">
  <properties>
    <property name="awt.toolkit" value="sun.awt.X11.XToolkit"/>
    <property name="java.specification.version" value="11"/>
    <property name="sun.cpu.isalist" value=""/>
    <property name="sun.jnu.encoding" value="UTF-8"/>
    <property name="java.class.path" value="/workspace/Maven-Demo/javalin-demo/target/test-classes:/workspace/Maven-Demo/javalin-demo/target/classes:/workspace/m2-repository/junit/junit/4.11/junit-4.11.jar:/workspace/m2-repository/org/hamcrest/hamcrest-core/1.3/hamcrest-core-1.3.jar:/workspace/m2-repository/io/javalin/javalin/5.3.1/javalin-5.3.1.jar:/workspace/m2-repository/org/slf4j/slf4j-api/2.0.3/slf4j-api-2.0.3.jar:/workspace/m2-repository/org/eclipse/jetty/jetty-server/11.0.13/jetty-server-11.0.13.jar:/workspace/m2-repository/org/eclipse/jetty/toolchain/jetty-jakarta-servlet-api/5.0.2/jetty-jakarta-servlet-api-5.0.2.jar:/workspace/m2-repository/org/eclipse/jetty/jetty-http/11.0.13/jetty-http-11.0.13.jar:/workspace/m2-repository/org/eclipse/jetty/jetty-util/11.0.13/jetty-util-11.0.13.jar:/workspace/m2-repository/org/eclipse/jetty/jetty-io/11.0.13/jetty-io-11.0.13.jar:/workspace/m2-repository/org/eclipse/jetty/jetty-webapp/11.0.13/jetty-webapp-11.0.13.jar:/workspace/m2-repository/org/eclipse/jetty/jetty-servlet/11.0.13/jetty-servlet-11.0.13.jar:/workspace/m2-repository/org/eclipse/jetty/jetty-security/11.0.13/jetty-security-11.0.13.jar:/workspace/m2-repository/org/eclipse/jetty/jetty-xml/11.0.13/jetty-xml-11.0.13.jar:/workspace/m2-repository/org/eclipse/jetty/websocket/websocket-jetty-server/11.0.13/websocket-jetty-server-11.0.13.jar:/workspace/m2-repository/org/eclipse/jetty/websocket/websocket-jetty-common/11.0.13/websocket-jetty-common-11.0.13.jar:/workspace/m2-repository/org/eclipse/jetty/websocket/websocket-core-common/11.0.13/websocket-core-common-11.0.13.jar:/workspace/m2-repository/org/eclipse/jetty/websocket/websocket-servlet/11.0.13/websocket-servlet-11.0.13.jar:/workspace/m2-repository/org/eclipse/jetty/websocket/websocket-core-server/11.0.13/websocket-core-server-11.0.13.jar:/workspace/m2-repository/org/eclipse/jetty/jetty-annotations/11.0.13/jetty-annotations-11.0.13.jar:/workspace/m2-repository/org/eclipse/jetty/jetty-plus/11.0.13/jetty-plus-11.0.13.jar:/workspace/m2-repository/jakarta/transaction/jakarta.transaction-api/2.0.0/jakarta.transaction-api-2.0.0.jar:/workspace/m2-repository/org/eclipse/jetty/jetty-jndi/11.0.13/jetty-jndi-11.0.13.jar:/workspace/m2-repository/jakarta/annotation/jakarta.annotation-api/2.1.1/jakarta.annotation-api-2.1.1.jar:/workspace/m2-repository/org/ow2/asm/asm/9.4/asm-9.4.jar:/workspace/m2-repository/org/ow2/asm/asm-commons/9.4/asm-commons-9.4.jar:/workspace/m2-repository/org/ow2/asm/asm-tree/9.4/asm-tree-9.4.jar:/workspace/m2-repository/org/eclipse/jetty/websocket/websocket-jetty-api/11.0.13/websocket-jetty-api-11.0.13.jar:/workspace/m2-repository/org/jetbrains/kotlin/kotlin-stdlib-jdk8/1.7.10/kotlin-stdlib-jdk8-1.7.10.jar:/workspace/m2-repository/org/jetbrains/kotlin/kotlin-stdlib/1.7.10/kotlin-stdlib-1.7.10.jar:/workspace/m2-repository/org/jetbrains/kotlin/kotlin-stdlib-common/1.7.10/kotlin-stdlib-common-1.7.10.jar:/workspace/m2-repository/org/jetbrains/annotations/13.0/annotations-13.0.jar:/workspace/m2-repository/org/jetbrains/kotlin/kotlin-stdlib-jdk7/1.7.10/kotlin-stdlib-jdk7-1.7.10.jar:/workspace/m2-repository/org/slf4j/slf4j-simple/2.0.3/slf4j-simple-2.0.3.jar:"/>
    <property name="java.vm.vendor" value="Azul Systems, Inc."/>
    <property name="sun.arch.data.model" value="64"/>
    <property name="java.vendor.url" value="http://www.azul.com/"/>
    <property name="user.timezone" value=""/>
    <property name="java.vm.specification.version" value="11"/>
    <property name="os.name" value="Linux"/>
    <property name="sun.java.launcher" value="SUN_STANDARD"/>
    <property name="user.country" value="US"/>
    <property name="sun.boot.library.path" value="/home/gitpod/.sdkman/candidates/java/11.0.17.fx-zulu/lib"/>
    <property name="sun.java.command" value="/workspace/Maven-Demo/javalin-demo/target/surefire/surefirebooter16751682371246103220.jar /workspace/Maven-Demo/javalin-demo/target/surefire 2023-01-25T22-07-25_663-jvmRun1 surefire11778661667986395042tmp surefire_012150959435924104262tmp"/>
    <property name="jdk.debug" value="release"/>
    <property name="surefire.test.class.path" value="/workspace/Maven-Demo/javalin-demo/target/test-classes:/workspace/Maven-Demo/javalin-demo/target/classes:/workspace/m2-repository/junit/junit/4.11/junit-4.11.jar:/workspace/m2-repository/org/hamcrest/hamcrest-core/1.3/hamcrest-core-1.3.jar:/workspace/m2-repository/io/javalin/javalin/5.3.1/javalin-5.3.1.jar:/workspace/m2-repository/org/slf4j/slf4j-api/2.0.3/slf4j-api-2.0.3.jar:/workspace/m2-repository/org/eclipse/jetty/jetty-server/11.0.13/jetty-server-11.0.13.jar:/workspace/m2-repository/org/eclipse/jetty/toolchain/jetty-jakarta-servlet-api/5.0.2/jetty-jakarta-servlet-api-5.0.2.jar:/workspace/m2-repository/org/eclipse/jetty/jetty-http/11.0.13/jetty-http-11.0.13.jar:/workspace/m2-repository/org/eclipse/jetty/jetty-util/11.0.13/jetty-util-11.0.13.jar:/workspace/m2-repository/org/eclipse/jetty/jetty-io/11.0.13/jetty-io-11.0.13.jar:/workspace/m2-repository/org/eclipse/jetty/jetty-webapp/11.0.13/jetty-webapp-11.0.13.jar:/workspace/m2-repository/org/eclipse/jetty/jetty-servlet/11.0.13/jetty-servlet-11.0.13.jar:/workspace/m2-repository/org/eclipse/jetty/jetty-security/11.0.13/jetty-security-11.0.13.jar:/workspace/m2-repository/org/eclipse/jetty/jetty-xml/11.0.13/jetty-xml-11.0.13.jar:/workspace/m2-repository/org/eclipse/jetty/websocket/websocket-jetty-server/11.0.13/websocket-jetty-server-11.0.13.jar:/workspace/m2-repository/org/eclipse/jetty/websocket/websocket-jetty-common/11.0.13/websocket-jetty-common-11.0.13.jar:/workspace/m2-repository/org/eclipse/jetty/websocket/websocket-core-common/11.0.13/websocket-core-common-11.0.13.jar:/workspace/m2-repository/org/eclipse/jetty/websocket/websocket-servlet/11.0.13/websocket-servlet-11.0.13.jar:/workspace/m2-repository/org/eclipse/jetty/websocket/websocket-core-server/11.0.13/websocket-core-server-11.0.13.jar:/workspace/m2-repository/org/eclipse/jetty/jetty-annotations/11.0.13/jetty-annotations-11.0.13.jar:/workspace/m2-repository/org/eclipse/jetty/jetty-plus/11.0.13/jetty-plus-11.0.13.jar:/workspace/m2-repository/jakarta/transaction/jakarta.transaction-api/2.0.0/jakarta.transaction-api-2.0.0.jar:/workspace/m2-repository/org/eclipse/jetty/jetty-jndi/11.0.13/jetty-jndi-11.0.13.jar:/workspace/m2-repository/jakarta/annotation/jakarta.annotation-api/2.1.1/jakarta.annotation-api-2.1.1.jar:/workspace/m2-repository/org/ow2/asm/asm/9.4/asm-9.4.jar:/workspace/m2-repository/org/ow2/asm/asm-commons/9.4/asm-commons-9.4.jar:/workspace/m2-repository/org/ow2/asm/asm-tree/9.4/asm-tree-9.4.jar:/workspace/m2-repository/org/eclipse/jetty/websocket/websocket-jetty-api/11.0.13/websocket-jetty-api-11.0.13.jar:/workspace/m2-repository/org/jetbrains/kotlin/kotlin-stdlib-jdk8/1.7.10/kotlin-stdlib-jdk8-1.7.10.jar:/workspace/m2-repository/org/jetbrains/kotlin/kotlin-stdlib/1.7.10/kotlin-stdlib-1.7.10.jar:/workspace/m2-repository/org/jetbrains/kotlin/kotlin-stdlib-common/1.7.10/kotlin-stdlib-common-1.7.10.jar:/workspace/m2-repository/org/jetbrains/annotations/13.0/annotations-13.0.jar:/workspace/m2-repository/org/jetbrains/kotlin/kotlin-stdlib-jdk7/1.7.10/kotlin-stdlib-jdk7-1.7.10.jar:/workspace/m2-repository/org/slf4j/slf4j-simple/2.0.3/slf4j-simple-2.0.3.jar:"/>
    <property name="sun.cpu.endian" value="little"/>
    <property name="user.home" value="/home/gitpod"/>
    <property name="user.language" value="en"/>
    <property name="java.specification.vendor" value="Oracle Corporation"/>
    <property name="java.version.date" value="2022-10-18"/>
    <property name="java.home" value="/home/gitpod/.sdkman/candidates/java/11.0.17.fx-zulu"/>
    <property name="file.separator" value="/"/>
    <property name="basedir" value="/workspace/Maven-Demo/javalin-demo"/>
    <property name="java.vm.compressedOopsMode" value="Zero based"/>
    <property name="line.separator" value="&#10;"/>
    <property name="java.specification.name" value="Java Platform API Specification"/>
    <property name="java.vm.specification.vendor" value="Oracle Corporation"/>
    <property name="jdk.vendor.version" value="Zulu11.60+19-CA"/>
    <property name="java.awt.graphicsenv" value="sun.awt.X11GraphicsEnvironment"/>
    <property name="surefire.real.class.path" value="/workspace/Maven-Demo/javalin-demo/target/surefire/surefirebooter16751682371246103220.jar"/>
    <property name="sun.management.compiler" value="HotSpot 64-Bit Tiered Compilers"/>
    <property name="java.runtime.version" value="11.0.17+8-LTS"/>
    <property name="user.name" value="gitpod"/>
    <property name="path.separator" value=":"/>
    <property name="os.version" value="5.15.0-47-generic"/>
    <property name="java.runtime.name" value="OpenJDK Runtime Environment"/>
    <property name="file.encoding" value="UTF-8"/>
    <property name="java.vm.name" value="OpenJDK 64-Bit Server VM"/>
    <property name="java.vendor.version" value="Zulu11.60+19-CA"/>
    <property name="localRepository" value="/workspace/m2-repository"/>
    <property name="java.vendor.url.bug" value="http://www.azul.com/support/"/>
    <property name="java.io.tmpdir" value="/tmp"/>
    <property name="java.version" value="11.0.17"/>
    <property name="user.dir" value="/workspace/Maven-Demo/javalin-demo"/>
    <property name="os.arch" value="amd64"/>
    <property name="java.vm.specification.name" value="Java Virtual Machine Specification"/>
    <property name="java.awt.printerjob" value="sun.print.PSPrinterJob"/>
    <property name="sun.os.patch.level" value="unknown"/>
    <property name="java.library.path" value="/usr/java/packages/lib:/usr/lib64:/lib64:/lib:/usr/lib"/>
    <property name="java.vm.info" value="mixed mode"/>
    <property name="java.vendor" value="Azul Systems, Inc."/>
    <property name="java.vm.version" value="11.0.17+8-LTS"/>
    <property name="sun.io.unicode.encoding" value="UnicodeLittle"/>
    <property name="java.class.version" value="55.0"/>
  </properties>
  <testcase name="shouldAnswerWithTrue" classname="com.revature.AppTest" time="0.001"/>
</testsuite>